(Loading /usr/local/share/perl/5.38.2/LaTeXML/Package/TeX.pool.ltxml...
(Loading /usr/local/share/perl/5.38.2/LaTeXML/Package/eTeX.pool.ltxml... 0.00 sec)
(Loading /usr/local/share/perl/5.38.2/LaTeXML/Package/pdfTeX.pool.ltxml... 0.00 sec) 0.09 sec)
latexmlc (LaTeXML version 0.8.8)
invoked as [/usr/local/bin/latexmlc /home/spinoza/github/rlang/mdrelax/paper/main.tex --dest /tmp/tmp_g_l1prf/html/index.html --timeout=600 --format=html5]
processing started Wed Dec  3 01:22:37 2025
(Digesting TeX main...
(Processing content /home/spinoza/github/rlang/mdrelax/paper/main.tex...
(Loading /usr/local/share/perl/5.38.2/LaTeXML/Package/LaTeX.pool.ltxml...
(Loading /usr/local/share/perl/5.38.2/LaTeXML/Package/textcomp.sty.ltxml...
(Processing definitions /usr/share/texlive/texmf-dist/tex/latex/base/ts1enc.dfu... 0.01 sec) 0.62 sec) 0.76 sec)
(Loading /usr/local/share/perl/5.38.2/LaTeXML/Package/article.cls.ltxml... 0.01 sec)
(Loading /usr/local/share/perl/5.38.2/LaTeXML/Package/amsmath.sty.ltxml...
(Loading /usr/local/share/perl/5.38.2/LaTeXML/Package/amsbsy.sty.ltxml...
(Loading /usr/local/share/perl/5.38.2/LaTeXML/Package/amsgen.sty.ltxml... 0.00 sec) 0.01 sec)
(Loading /usr/local/share/perl/5.38.2/LaTeXML/Package/amstext.sty.ltxml... 0.00 sec)
(Loading /usr/local/share/perl/5.38.2/LaTeXML/Package/amsopn.sty.ltxml... 0.00 sec) 0.04 sec)
(Loading /usr/local/share/perl/5.38.2/LaTeXML/Package/amsthm.sty.ltxml... 0.01 sec)
(Loading /usr/local/share/perl/5.38.2/LaTeXML/Package/amssymb.sty.ltxml...
(Loading /usr/local/share/perl/5.38.2/LaTeXML/Package/amsfonts.sty.ltxml... 0.00 sec) 0.01 sec)
(Loading /usr/local/share/perl/5.38.2/LaTeXML/Package/bm.sty.ltxml... 0.01 sec)
(Loading /usr/local/share/perl/5.38.2/LaTeXML/Package/mathtools.sty.ltxml...
(Loading /usr/local/share/perl/5.38.2/LaTeXML/Package/keyval.sty.ltxml...
(Processing definitions /usr/share/texlive/texmf-dist/tex/latex/graphics/keyval.sty... 0.01 sec) 0.01 sec)
(Loading /usr/local/share/perl/5.38.2/LaTeXML/Package/calc.sty.ltxml... 0.00 sec) 0.03 sec)
(Loading /usr/local/share/perl/5.38.2/LaTeXML/Package/graphicx.sty.ltxml...
(Loading /usr/local/share/perl/5.38.2/LaTeXML/Package/graphics.sty.ltxml... 0.00 sec) 0.02 sec)
(Loading /usr/local/share/perl/5.38.2/LaTeXML/Package/float.sty.ltxml... 0.00 sec)
(Loading /usr/local/share/perl/5.38.2/LaTeXML/Package/subcaption.sty.ltxml...
(Loading /usr/local/share/perl/5.38.2/LaTeXML/Package/caption.sty.ltxml... 0.01 sec) 0.01 sec)
(Loading /usr/local/share/perl/5.38.2/LaTeXML/Package/booktabs.sty.ltxml... 0.00 sec)
(Loading /usr/local/share/perl/5.38.2/LaTeXML/Package/multirow.sty.ltxml... 0.00 sec)
(Loading /usr/local/share/perl/5.38.2/LaTeXML/Package/geometry.sty.ltxml...
(Loading /usr/local/share/perl/5.38.2/LaTeXML/Package/ifpdf.sty.ltxml... 0.00 sec)
(Loading /usr/local/share/perl/5.38.2/LaTeXML/Package/ifvtex.sty.ltxml...
(Loading /usr/local/share/perl/5.38.2/LaTeXML/Package/iftex.sty.ltxml... 0.00 sec) 0.00 sec)
(Loading /usr/local/share/perl/5.38.2/LaTeXML/Package/ifxetex.sty.ltxml... 0.00 sec) 0.02 sec)
(Loading /usr/local/share/perl/5.38.2/LaTeXML/Package/setspace.sty.ltxml... 0.00 sec)
(Loading /usr/local/share/perl/5.38.2/LaTeXML/Package/microtype.sty.ltxml... 0.00 sec)
(Loading /usr/local/share/perl/5.38.2/LaTeXML/Package/natbib.sty.ltxml... 0.01 sec)
(Loading /usr/local/share/perl/5.38.2/LaTeXML/Package/hyperref.sty.ltxml...
(Loading /usr/local/share/perl/5.38.2/LaTeXML/Package/ltxcmds.sty.ltxml...
(Processing definitions /usr/share/texlive/texmf-dist/tex/generic/ltxcmds/ltxcmds.sty... 0.06 sec) 0.06 sec)
(Loading /usr/local/share/perl/5.38.2/LaTeXML/Package/kvsetkeys.sty.ltxml...
(Processing definitions /usr/share/texlive/texmf-dist/tex/latex/kvsetkeys/kvsetkeys.sty... 0.04 sec) 0.04 sec)
(Loading /usr/local/share/perl/5.38.2/LaTeXML/Package/kvdefinekeys.sty.ltxml...
(Processing definitions /usr/share/texlive/texmf-dist/tex/generic/kvdefinekeys/kvdefinekeys.sty... 0.02 sec) 0.02 sec)
(Loading /usr/local/share/perl/5.38.2/LaTeXML/Package/kvoptions.sty.ltxml...
(Processing definitions /usr/share/texlive/texmf-dist/tex/latex/kvoptions/kvoptions.sty... 0.09 sec) 0.09 sec)
(Loading /usr/local/share/perl/5.38.2/LaTeXML/Package/nameref.sty.ltxml...
(Loading /usr/local/share/perl/5.38.2/LaTeXML/Package/refcount.sty.ltxml...
(Processing definitions /usr/share/texlive/texmf-dist/tex/latex/refcount/refcount.sty...
(Loading /usr/local/share/perl/5.38.2/LaTeXML/Package/infwarerr.sty.ltxml...
(Processing definitions /usr/share/texlive/texmf-dist/tex/generic/infwarerr/infwarerr.sty... 0.03 sec) 0.03 sec) 0.07 sec) 0.07 sec)
(Loading /usr/local/share/perl/5.38.2/LaTeXML/Package/gettitlestring.sty.ltxml...
(Processing definitions /usr/share/texlive/texmf-dist/tex/generic/gettitlestring/gettitlestring.sty... 0.25 sec) 0.25 sec) 0.34 sec)
(Loading /usr/local/share/perl/5.38.2/LaTeXML/Package/url.sty.ltxml... 0.00 sec)
(Loading /usr/local/share/perl/5.38.2/LaTeXML/Package/bitset.sty.ltxml...
(Processing definitions /usr/share/texlive/texmf-dist/tex/generic/bitset/bitset.sty...
(Loading /usr/local/share/perl/5.38.2/LaTeXML/Package/intcalc.sty.ltxml...
(Processing definitions /usr/share/texlive/texmf-dist/tex/generic/intcalc/intcalc.sty... 0.03 sec) 0.04 sec)
(Loading /usr/local/share/perl/5.38.2/LaTeXML/Package/bigintcalc.sty.ltxml...
(Processing definitions /usr/share/texlive/texmf-dist/tex/generic/bigintcalc/bigintcalc.sty...
(Loading /usr/local/share/perl/5.38.2/LaTeXML/Package/pdftexcmds.sty.ltxml... 0.00 sec) 0.11 sec) 0.11 sec) 0.26 sec) 0.26 sec) 0.86 sec)
(Loading /usr/local/share/perl/5.38.2/LaTeXML/Package/cleveref.sty.ltxml...
(Processing definitions /usr/share/texlive/texmf-dist/tex/latex/cleveref/cleveref.sty...
Info:latex:(cleveref)  Package cleveref Info: `hyperref' support loaded        
	at cleveref.sty; line 2370 col 1 - line 2370 col 1
Info:latex:(cleveref)  Package cleveref Info: `amsthm' support loaded        
	at cleveref.sty; line 3026 col 3 - line 3026 col 3
 1.00 sec) 1.01 sec)
(Loading /usr/local/share/perl/5.38.2/LaTeXML/Package/algorithm.sty.ltxml...
(Processing definitions /usr/share/texlive/texmf-dist/tex/latex/algorithms/algorithm.sty...
Info:misdefined:utf-8 input isn't valid under encoding utf-8
	at algorithm.sty; line 11 col 0 - line 11 col 0
(Loading /usr/local/share/perl/5.38.2/LaTeXML/Package/ifthen.sty.ltxml...
(Processing definitions /usr/share/texlive/texmf-dist/tex/latex/base/ifthen.sty... 0.01 sec) 0.01 sec) 0.03 sec) 0.04 sec)
(Loading /usr/local/share/perl/5.38.2/LaTeXML/Package/algpseudocode.sty.ltxml...
(Processing definitions /usr/share/texlive/texmf-dist/tex/latex/algorithmicx/algpseudocode.sty...
(Loading /usr/local/share/perl/5.38.2/LaTeXML/Package/algorithmicx.sty.ltxml...
(Processing definitions /usr/share/texlive/texmf-dist/tex/latex/algorithmicx/algorithmicx.sty...
Document Style algorithmicx 1.2 - a greatly improved `algorithmic' style
 0.12 sec) 0.12 sec)
Document Style - pseudocode environments for use with the `algorithmicx' style
 0.79 sec) 0.80 sec)
(Loading /usr/local/share/perl/5.38.2/LaTeXML/Package/xcolor.sty.ltxml...
(Loading /usr/local/share/perl/5.38.2/LaTeXML/Package/color.sty.ltxml... 0.01 sec) 0.04 sec)
(Processing content /home/spinoza/github/rlang/mdrelax/paper/sections/introduction.tex... 0.18 sec)
(Processing content /home/spinoza/github/rlang/mdrelax/paper/sections/background.tex... 0.65 sec)
(Processing content /home/spinoza/github/rlang/mdrelax/paper/sections/relaxed_models.tex... 0.76 sec)
(Processing content /home/spinoza/github/rlang/mdrelax/paper/sections/identifiability.tex... 1.04 sec)
(Processing content /home/spinoza/github/rlang/mdrelax/paper/sections/simulations.tex... 0.97 sec)
(Processing content /home/spinoza/github/rlang/mdrelax/paper/sections/discussion.tex... 0.41 sec)
(Processing content /home/spinoza/github/rlang/mdrelax/paper/sections/conclusion.tex... 0.09 sec)
(Processing content /home/spinoza/github/rlang/mdrelax/paper/sections/appendix.tex... 0.48 sec) 10.12 sec) 10.13 sec)
(Building...
(Loading compiled schema /usr/local/share/perl/5.38.2/LaTeXML/resources/RelaxNG/LaTeXML.model... 0.01 sec) 4.41 sec)
(Rewriting... 0.11 sec)
(Math Parsing 400 formulae ...... 5.42 sec)
Math parsing succeeded:
   ltx:XMWrap: 0/2
   ltx:XMath: 400/400
   ltx:XMArg: 1276/1276
Symbols assumed as simple identifiers (with # of occurences):
   'A{italic}' (4), 'B{italic}' (12), 'C{italic}' (39), 'D{italic}' (2), 'E{blackboard}' (19), 'I{caligraphic}' (19), 'KL' (1), 'K{italic}' (35), 'Lambda' (10), 'L{italic}' (11), 'Omega' (2), 'Pr' (27), 'P{italic}' (3), 'Q{italic}' (3), 'R{italic}' (36), 'S{italic}' (2), 'T{italic}' (60), 'alpha' (5), 'beta' (3), 'c{italic}' (233), 'delta' (17), 'd{italic}' (5), 'ell' (70), 'e{italic}' (4), 'f{italic}' (14), 'g{italic}' (3), 'h{italic}' (57), 'i{italic}' (30), 'j{italic}' (101), 'k{italic}' (170), 'lambda' (139), 'm{italic}' (8), 'n{italic}' (6), 'pi' (70), 'p{italic}' (10), 'q{italic}' (12), 'rho' (6), 'r{italic}' (1), 's{italic}' (44), 'tau' (3), 'theta' (109), 't{bold}' (1), 't{italic}' (112), 'w{italic}' (3), 'x{italic}' (2)
Set MATHPARSER_SPECULATE to speculate on possible notations.
(Finalizing... 0.62 sec)
Conversion complete: No obvious problems
(post-processing...
(Scan index.html processing...
Scan: DBStatus: 1784/0 objects
 0.24 sec)
(MakeBibliography index.html processing...
(Recursive MakeBibliography /home/spinoza/github/rlang/mdrelax/paper/refs.bib...
(Loading /usr/local/share/perl/5.38.2/LaTeXML/Package/TeX.pool.ltxml...
(Loading /usr/local/share/perl/5.38.2/LaTeXML/Package/eTeX.pool.ltxml... 0.00 sec)
(Loading /usr/local/share/perl/5.38.2/LaTeXML/Package/pdfTeX.pool.ltxml... 0.00 sec) 0.10 sec)
(Loading /usr/local/share/perl/5.38.2/LaTeXML/Package/LaTeX.pool.ltxml...
(Loading /usr/local/share/perl/5.38.2/LaTeXML/Package/textcomp.sty.ltxml...
(Processing definitions /usr/share/texlive/texmf-dist/tex/latex/base/ts1enc.dfu... 0.01 sec) 0.02 sec) 0.17 sec)
(Loading /usr/local/share/perl/5.38.2/LaTeXML/Package/BibTeX.pool.ltxml... 0.01 sec)
(Loading /usr/local/share/perl/5.38.2/LaTeXML/Package/article.cls.ltxml... 0.01 sec)
(Loading /usr/local/share/perl/5.38.2/LaTeXML/Package/amsmath.sty.ltxml...
(Loading /usr/local/share/perl/5.38.2/LaTeXML/Package/amsbsy.sty.ltxml...
(Loading /usr/local/share/perl/5.38.2/LaTeXML/Package/amsgen.sty.ltxml... 0.00 sec) 0.01 sec)
(Loading /usr/local/share/perl/5.38.2/LaTeXML/Package/amstext.sty.ltxml... 0.00 sec)
(Loading /usr/local/share/perl/5.38.2/LaTeXML/Package/amsopn.sty.ltxml... 0.00 sec) 0.04 sec)
(Loading /usr/local/share/perl/5.38.2/LaTeXML/Package/amsthm.sty.ltxml... 0.01 sec)
(Loading /usr/local/share/perl/5.38.2/LaTeXML/Package/amssymb.sty.ltxml...
(Loading /usr/local/share/perl/5.38.2/LaTeXML/Package/amsfonts.sty.ltxml... 0.00 sec) 0.01 sec)
(Loading /usr/local/share/perl/5.38.2/LaTeXML/Package/bm.sty.ltxml... 0.00 sec)
(Loading /usr/local/share/perl/5.38.2/LaTeXML/Package/mathtools.sty.ltxml...
(Loading /usr/local/share/perl/5.38.2/LaTeXML/Package/keyval.sty.ltxml...
(Processing definitions /usr/share/texlive/texmf-dist/tex/latex/graphics/keyval.sty... 0.01 sec) 0.01 sec)
(Loading /usr/local/share/perl/5.38.2/LaTeXML/Package/calc.sty.ltxml... 0.00 sec) 0.03 sec)
(Loading /usr/local/share/perl/5.38.2/LaTeXML/Package/graphicx.sty.ltxml...
(Loading /usr/local/share/perl/5.38.2/LaTeXML/Package/graphics.sty.ltxml... 0.00 sec) 0.01 sec)
(Loading /usr/local/share/perl/5.38.2/LaTeXML/Package/float.sty.ltxml... 0.00 sec)
(Loading /usr/local/share/perl/5.38.2/LaTeXML/Package/subcaption.sty.ltxml...
(Loading /usr/local/share/perl/5.38.2/LaTeXML/Package/caption.sty.ltxml... 0.01 sec) 0.01 sec)
(Loading /usr/local/share/perl/5.38.2/LaTeXML/Package/booktabs.sty.ltxml... 0.00 sec)
(Loading /usr/local/share/perl/5.38.2/LaTeXML/Package/multirow.sty.ltxml... 0.00 sec)
(Loading /usr/local/share/perl/5.38.2/LaTeXML/Package/geometry.sty.ltxml...
(Loading /usr/local/share/perl/5.38.2/LaTeXML/Package/ifpdf.sty.ltxml... 0.00 sec)
(Loading /usr/local/share/perl/5.38.2/LaTeXML/Package/ifvtex.sty.ltxml...
(Loading /usr/local/share/perl/5.38.2/LaTeXML/Package/iftex.sty.ltxml... 0.00 sec) 0.00 sec)
(Loading /usr/local/share/perl/5.38.2/LaTeXML/Package/ifxetex.sty.ltxml... 0.00 sec) 0.02 sec)
(Loading /usr/local/share/perl/5.38.2/LaTeXML/Package/setspace.sty.ltxml... 0.00 sec)
(Loading /usr/local/share/perl/5.38.2/LaTeXML/Package/microtype.sty.ltxml... 0.00 sec)
(Loading /usr/local/share/perl/5.38.2/LaTeXML/Package/natbib.sty.ltxml... 0.01 sec)
(Loading /usr/local/share/perl/5.38.2/LaTeXML/Package/hyperref.sty.ltxml...
(Loading /usr/local/share/perl/5.38.2/LaTeXML/Package/ltxcmds.sty.ltxml...
(Processing definitions /usr/share/texlive/texmf-dist/tex/generic/ltxcmds/ltxcmds.sty... 0.06 sec) 0.06 sec)
(Loading /usr/local/share/perl/5.38.2/LaTeXML/Package/kvsetkeys.sty.ltxml...
(Processing definitions /usr/share/texlive/texmf-dist/tex/latex/kvsetkeys/kvsetkeys.sty... 0.04 sec) 0.04 sec)
(Loading /usr/local/share/perl/5.38.2/LaTeXML/Package/kvdefinekeys.sty.ltxml...
(Processing definitions /usr/share/texlive/texmf-dist/tex/generic/kvdefinekeys/kvdefinekeys.sty... 0.02 sec) 0.02 sec)
(Loading /usr/local/share/perl/5.38.2/LaTeXML/Package/kvoptions.sty.ltxml...
(Processing definitions /usr/share/texlive/texmf-dist/tex/latex/kvoptions/kvoptions.sty... 0.09 sec) 0.09 sec)
(Loading /usr/local/share/perl/5.38.2/LaTeXML/Package/nameref.sty.ltxml...
(Loading /usr/local/share/perl/5.38.2/LaTeXML/Package/refcount.sty.ltxml...
(Processing definitions /usr/share/texlive/texmf-dist/tex/latex/refcount/refcount.sty...
(Loading /usr/local/share/perl/5.38.2/LaTeXML/Package/infwarerr.sty.ltxml...
(Processing definitions /usr/share/texlive/texmf-dist/tex/generic/infwarerr/infwarerr.sty... 0.03 sec) 0.03 sec) 0.07 sec) 0.07 sec)
(Loading /usr/local/share/perl/5.38.2/LaTeXML/Package/gettitlestring.sty.ltxml...
(Processing definitions /usr/share/texlive/texmf-dist/tex/generic/gettitlestring/gettitlestring.sty... 0.30 sec) 0.30 sec) 0.39 sec)
(Loading /usr/local/share/perl/5.38.2/LaTeXML/Package/url.sty.ltxml... 0.00 sec)
(Loading /usr/local/share/perl/5.38.2/LaTeXML/Package/bitset.sty.ltxml...
(Processing definitions /usr/share/texlive/texmf-dist/tex/generic/bitset/bitset.sty...
(Loading /usr/local/share/perl/5.38.2/LaTeXML/Package/intcalc.sty.ltxml...
(Processing definitions /usr/share/texlive/texmf-dist/tex/generic/intcalc/intcalc.sty... 0.03 sec) 0.04 sec)
(Loading /usr/local/share/perl/5.38.2/LaTeXML/Package/bigintcalc.sty.ltxml...
(Processing definitions /usr/share/texlive/texmf-dist/tex/generic/bigintcalc/bigintcalc.sty...
(Loading /usr/local/share/perl/5.38.2/LaTeXML/Package/pdftexcmds.sty.ltxml... 0.00 sec) 0.11 sec) 0.11 sec) 0.26 sec) 0.26 sec) 0.92 sec)
(Loading /usr/local/share/perl/5.38.2/LaTeXML/Package/cleveref.sty.ltxml...
(Processing definitions /usr/share/texlive/texmf-dist/tex/latex/cleveref/cleveref.sty...
Info:latex:(cleveref)  Package cleveref Info: `hyperref' support loaded        
	at cleveref.sty; line 2370 col 1 - line 2370 col 1
Info:latex:(cleveref)  Package cleveref Info: `amsthm' support loaded        
	at cleveref.sty; line 3026 col 3 - line 3026 col 3
 1.02 sec) 1.03 sec)
(Loading /usr/local/share/perl/5.38.2/LaTeXML/Package/algorithm.sty.ltxml...
(Processing definitions /usr/share/texlive/texmf-dist/tex/latex/algorithms/algorithm.sty...
Info:misdefined:utf-8 input isn't valid under encoding utf-8
	at algorithm.sty; line 11 col 0 - line 11 col 0
(Loading /usr/local/share/perl/5.38.2/LaTeXML/Package/ifthen.sty.ltxml...
(Processing definitions /usr/share/texlive/texmf-dist/tex/latex/base/ifthen.sty... 0.01 sec) 0.01 sec) 0.04 sec) 0.04 sec)
(Loading /usr/local/share/perl/5.38.2/LaTeXML/Package/algpseudocode.sty.ltxml...
(Processing definitions /usr/share/texlive/texmf-dist/tex/latex/algorithmicx/algpseudocode.sty...
(Loading /usr/local/share/perl/5.38.2/LaTeXML/Package/algorithmicx.sty.ltxml...
(Processing definitions /usr/share/texlive/texmf-dist/tex/latex/algorithmicx/algorithmicx.sty...
Document Style algorithmicx 1.2 - a greatly improved `algorithmic' style
 0.12 sec) 0.12 sec)
Document Style - pseudocode environments for use with the `algorithmicx' style
 0.80 sec) 0.80 sec)
(Loading /usr/local/share/perl/5.38.2/LaTeXML/Package/xcolor.sty.ltxml...
(Loading /usr/local/share/perl/5.38.2/LaTeXML/Package/color.sty.ltxml... 0.01 sec) 0.04 sec)
latexmlc (LaTeXML version 0.8.8)
invoked as [/usr/local/bin/latexmlc /home/spinoza/github/rlang/mdrelax/paper/main.tex --dest /tmp/tmp_g_l1prf/html/index.html --timeout=600 --format=html5]
recursive processing started Wed Dec  3 01:23:01 2025
(Digesting BibTeX refs...
(Processing content /home/spinoza/github/rlang/mdrelax/paper/refs.bib... 0.01 sec)
(Preparsing Bibliography refs... 0.01 sec)
(Processing content Literal String... 0.66 sec) 0.67 sec)
(Building...
(Loading compiled schema /usr/local/share/perl/5.38.2/LaTeXML/resources/RelaxNG/LaTeXML.model... 0.01 sec) 0.25 sec)
(Rewriting... 0.00 sec)
(Finalizing... 0.01 sec)
recursive Conversion complete: No obvious problems
Status:conversion:0
 4.29 sec)
MakeBibliography: using bibliographies refs]
MakeBibliography: 34 bibentries, 8 cited
Scan: DBStatus: 1793/0 objects
 4.58 sec)
(CrossRef index.html processing... 0.15 sec)
(Graphics index.html 6 to process... 2.70 sec)
(MathML::Presentation index.html 400 to process...
converted 400 Maths
 0.85 sec)
(XSLT[using LaTeXML-html5.xsl] index.html processing... 0.27 sec)
(Writer index.html processing... 0.00 sec) 8.81 sec)
Post-processing complete: No obvious problems
processing finished Wed Dec  3 01:23:07 2025
Status:conversion:0
